p_seed 1 simul_tick 1 leader 1.528284 0.528284 f1 1.952857 0.284730 f2 1.920697 0.788057 f3 2.326311 0.504774
p_seed 1 simul_tick 2 leader 1.500000 0.500000 f1 1.924055 0.256973 f2 1.912359 0.827178 f3 2.286311 0.504826
p_seed 1 simul_tick 3 leader 1.461409 0.510525 f1 1.892852 0.231947 f2 1.879933 0.850599 f3 2.246315 0.504274
p_seed 1 simul_tick 4 leader 1.422819 0.521049 f1 1.859797 0.209422 f2 1.843299 0.866661 f3 2.206315 0.504290
p_seed 1 simul_tick 5 leader 1.384872 0.533699 f1 1.824254 0.227771 f2 1.803727 0.860825 f3 2.167070 0.512021
p_seed 1 simul_tick 6 leader 1.350572 0.554278 f1 1.787952 0.244570 f2 1.763760 0.859192 f3 2.128784 0.523606
p_seed 1 simul_tick 7 leader 1.318023 0.577528 f1 1.750022 0.231869 f2 1.740734 0.891900 f3 2.099572 0.550932
p_seed 1 simul_tick 8 leader 1.286448 0.602085 f1 1.713651 0.215221 f2 1.712773 0.920504 f3 2.060502 0.559505
p_seed 1 simul_tick 9 leader 1.250034 0.618638 f1 1.677187 0.198780 f2 1.682874 0.893932 f3 2.037523 0.526764
p_seed 1 simul_tick 10 leader 1.215734 0.639217 f1 1.638776 0.187614 f2 1.647136 0.875966 f3 2.022657 0.489629
p_seed 1 simul_tick 11 leader 1.183478 0.662872 f1 1.599006 0.183338 f2 1.687136 0.876072 f3 2.007950 0.452431
p_seed 1 simul_tick 12 leader 1.147328 0.679995 f1 1.559028 0.181995 f2 1.648477 0.865799 f3 1.985243 0.419501
p_seed 1 simul_tick 13 leader 1.114316 0.702583 f1 1.519142 0.185004 f2 1.613582 0.846247 f3 1.948960 0.402661
p_seed 1 simul_tick 14 leader 1.080305 0.723637 f1 1.479356 0.189136 f2 1.573968 0.851792 f3 1.909543 0.409467
p_seed 1 simul_tick 15 leader 1.044817 0.742091 f1 1.439736 0.194642 f2 1.533983 0.852877 f3 1.872779 0.425227
p_seed 1 simul_tick 16 leader 1.010517 0.762671 f1 1.400954 0.204436 f2 1.498545 0.871428 f3 1.834549 0.436994
p_seed 1 simul_tick 17 leader 0.976009 0.782900 f1 1.361773 0.212487 f2 1.462828 0.889436 f3 1.796821 0.450284
p_seed 1 simul_tick 18 leader 0.942551 0.804821 f1 1.323104 0.222723 f2 1.431800 0.914681 f3 1.759647 0.465049
p_seed 1 simul_tick 19 leader 0.907886 0.824779 f1 1.284580 0.233489 f2 1.394613 0.929416 f3 1.723283 0.481713
p_seed 1 simul_tick 20 leader 0.874139 0.846254 f1 1.247574 0.248672 f2 1.362051 0.952647 f3 1.685262 0.494140
p_seed 1 simul_tick 21 leader 0.840168 0.867372 f1 1.211031 0.264938 f2 1.326765 0.971486 f3 1.652192 0.516643
p_seed 1 simul_tick 22 leader 0.805713 0.887691 f1 1.174358 0.280911 f2 1.290845 0.989087 f3 1.615708 0.533042
p_seed 1 simul_tick 23 leader 0.771561 0.908515 f1 1.137846 0.297246 f2 1.257370 1.010982 f3 1.579363 0.549747
p_seed 1 simul_tick 24 leader 0.737686 0.929786 f1 1.101917 0.314827 f2 1.222474 1.030534 f3 1.548112 0.574714
p_seed 1 simul_tick 25 leader 0.703386 0.950366 f1 1.066104 0.332645 f2 1.187133 1.049270 f3 1.511634 0.591127
p_seed 1 simul_tick 26 leader 0.668702 0.970291 f1 1.031531 0.352762 f2 1.153900 1.071532 f3 1.475715 0.608728
p_seed 1 simul_tick 27 leader 0.634660 0.991295 f1 0.995613 0.370367 f2 1.118442 1.090044 f3 1.440787 0.628222
p_seed 1 simul_tick 28 leader 0.599889 1.011067 f1 0.960423 0.389384 f2 1.083052 1.108687 f3 1.405192 0.646470
p_seed 1 simul_tick 29 leader 0.565708 1.031844 f1 0.925171 0.408286 f2 1.048930 1.129560 f3 1.369596 0.664717
p_seed 1 simul_tick 30 leader 0.531408 1.052424 f1 0.890048 0.427427 f2 1.017037 1.153702 f3 1.335759 0.686049
p_seed 1 simul_tick 31 leader 0.496791 1.072465 f1 0.854777 0.446293 f2 0.981513 1.172088 f3 1.300182 0.704332
p_seed 1 simul_tick 32 leader 0.462389 1.092873 f1 0.820470 0.466861 f2 0.945966 1.190429 f3 1.264662 0.722727
p_seed 1 simul_tick 33 leader 0.428189 1.113618 f1 0.785180 0.485692 f2 0.911100 1.210034 f3 1.229071 0.740981
p_seed 1 simul_tick 34 leader 0.393697 1.133875 f1 0.750010 0.504747 f2 0.875815 1.228876 f3 1.194793 0.761598
p_seed 1 simul_tick 35 leader 0.359397 1.154454 f1 0.714957 0.524016 f2 0.841902 1.250087 f3 1.159684 0.780765
p_seed 1 simul_tick 36 leader 0.325279 1.175333 f1 0.679767 0.543033 f2 0.807151 1.269895 f3 1.124192 0.799211
p_seed 1 simul_tick 37 leader 0.290891 1.195766 f1 0.645265 0.563273 f2 0.774069 1.292380 f3 1.089982 0.819941
p_seed 1 simul_tick 38 leader 0.256677 1.216488 f1 0.609948 0.582053 f2 0.739234 1.312039 f3 1.055962 0.840979
p_seed 1 simul_tick 39 leader 0.222627 1.237477 f1 0.575746 0.602794 f2 0.705870 1.334104 f3 1.020772 0.859997
p_seed 1 simul_tick 40 leader 0.188327 1.258057 f1 0.541304 0.623134 f2 0.670777 1.353300 f3 0.986645 0.880862
p_seed 1 simul_tick 41 leader 0.154185 1.278897 f1 0.506413 0.642697 f2 0.636099 1.373235 f3 0.951839 0.900573
p_seed 1 simul_tick 42 leader 0.120193 1.299981 f1 0.472256 0.663511 f2 0.602744 1.395313 f3 0.916802 0.919872
p_seed 1 simul_tick 43 leader 0.086112 1.320922 f1 0.437012 0.682429 f2 0.567759 1.414706 f3 0.882744 0.940848
p_seed 1 simul_tick 44 leader 0.051667 1.341257 f1 0.403042 0.703548 f2 0.534283 1.436600 f3 0.848055 0.960765
p_seed 1 simul_tick 45 leader 0.017159 1.361486 f1 0.368099 0.723016 f2 0.499939 1.457105 f3 0.813149 0.980298
p_seed 1 simul_tick 46 leader -0.017001 1.382296 f1 0.334071 0.744043 f2 0.466313 1.478769 f3 0.778405 1.000119
p_seed 1 simul_tick 47 leader -0.051301 1.402876 f1 0.299252 0.763731 f2 0.431788 1.498968 f3 0.743649 1.019920
p_seed 1 simul_tick 48 leader -0.085443 1.423716 f1 0.264910 0.784240 f2 0.396857 1.518458 f3 0.709692 1.041061
p_seed 1 simul_tick 49 leader -0.119820 1.444168 f1 0.230253 0.804213 f2 0.363781 1.540952 f3 0.676373 1.063192
p_seed 1 simul_tick 50 leader -0.154265 1.464503 f1 0.195336 0.823726 f2 0.328768 1.560293 f3 0.641984 1.083622
p_seed 1 simul_tick 51 leader -0.188490 1.485207 f1 0.161273 0.844696 f2 0.294819 1.581446 f3 0.607595 1.104053
p_seed 1 simul_tick 52 leader -0.222790 1.505787 f1 0.126412 0.864310 f2 0.259916 1.600985 f3 0.573375 1.124765
p_seed 1 simul_tick 53 leader -0.258096 1.524587 f1 0.092636 0.885738 f2 0.226109 1.622365 f3 0.540377 1.147373
p_seed 1 simul_tick 54 leader -0.294480 1.541207 f1 0.058859 0.907165 f2 0.190929 1.641402 f3 0.507482 1.170132
p_seed 1 simul_tick 55 leader -0.331769 1.555683 f1 0.025186 0.928755 f2 0.155091 1.659167 f3 0.475305 1.193894
p_seed 1 simul_tick 56 leader -0.369448 1.569109 f1 -0.008760 0.949913 f2 0.119851 1.678093 f3 0.443763 1.218493
p_seed 1 simul_tick 57 leader -0.407528 1.581354 f1 -0.042873 0.970802 f2 0.084220 1.696271 f3 0.411457 1.242079
p_seed 1 simul_tick 58 leader -0.445811 1.592948 f1 -0.076844 0.991920 f2 0.047506 1.712147 f3 0.378567 1.264843
p_seed 1 simul_tick 59 leader -0.483325 1.606830 f1 -0.111891 1.011199 f2 0.010523 1.727387 f3 0.345634 1.287547
p_seed 1 simul_tick 60 leader -0.515586 1.630478 f1 -0.146139 1.031865 f2 -0.026018 1.743658 f3 0.313664 1.311587
p_seed 1 simul_tick 61 leader -0.500026 1.667328 f1 -0.179514 1.053912 f2 -0.058792 1.766589 f3 0.282551 1.336726
p_seed 1 simul_tick 62 leader -0.534671 1.687321 f1 -0.213075 1.075677 f2 -0.092747 1.787734 f3 0.251111 1.361454
p_seed 1 simul_tick 63 leader -0.500580 1.708245 f1 -0.246281 1.097978 f2 -0.092315 1.827731 f3 0.218608 1.384770
p_seed 1 simul_tick 64 leader -0.539960 1.715264 f1 -0.280612 1.118506 f2 -0.122119 1.854409 f3 0.185580 1.407334
p_seed 1 simul_tick 65 leader -0.558520 1.750697 f1 -0.314466 1.139811 f2 -0.150103 1.882991 f3 0.152827 1.430295
p_seed 1 simul_tick 66 leader -0.533102 1.781583 f1 -0.348197 1.161311 f2 -0.132953 1.919127 f3 0.119567 1.452516
p_seed 1 simul_tick 67 leader -0.570918 1.794621 f1 -0.382238 1.182315 f2 -0.166531 1.940864 f3 0.087020 1.475770
p_seed 1 simul_tick 68 leader -0.537079 1.815950 f1 -0.415170 1.205019 f2 -0.151386 1.977886 f3 0.054931 1.499650
p_seed 1 simul_tick 69 leader -0.577079 1.816135 f1 -0.446470 1.229925 f2 -0.185655 1.998517 f3 0.023281 1.524110
p_seed 1 simul_tick 70 leader -0.542168 1.835660 f1 -0.472240 1.260518 f2 -0.175594 2.037231 f3 -0.008979 1.547759
p_seed 1 simul_tick 71 leader -0.578551 1.819039 f1 -0.483927 1.298772 f2 -0.215528 2.034929 f3 -0.041022 1.571701
p_seed 1 simul_tick 72 leader -0.540635 1.806297 f1 -0.510967 1.328248 f2 -0.228941 2.072613 f3 -0.073604 1.594905
p_seed 1 simul_tick 73 leader -0.562603 1.772869 f1 -0.484063 1.298648 f2 -0.264480 2.054256 f3 -0.107384 1.616328
p_seed 1 simul_tick 74 leader -0.538391 1.741029 f1 -0.499196 1.261621 f2 -0.299461 2.073654 f3 -0.070306 1.631337
p_seed 1 simul_tick 75 leader -0.549080 1.702483 f1 -0.492024 1.222269 f2 -0.336093 2.057589 f3 -0.104948 1.611337
p_seed 1 simul_tick 76 leader -0.542772 1.662984 f1 -0.485071 1.182878 f2 -0.374881 2.047815 f3 -0.065037 1.608663
p_seed 1 simul_tick 77 leader -0.534771 1.623792 f1 -0.486189 1.142894 f2 -0.412286 2.033642 f3 -0.104464 1.615408
p_seed 1 simul_tick 78 leader -0.535928 1.583809 f1 -0.487307 1.102909 f2 -0.448175 2.015980 f3 -0.064502 1.617149
p_seed 1 simul_tick 79 leader -0.536989 1.543823 f1 -0.488393 1.062924 f2 -0.482918 1.996157 f3 -0.103937 1.610446
p_seed 1 simul_tick 80 leader -0.538026 1.503837 f1 -0.489450 1.022938 f2 -0.516957 1.975149 f3 -0.065145 1.600688
p_seed 1 simul_tick 81 leader -0.539042 1.463850 f1 -0.490507 0.982952 f2 -0.546630 1.948325 f3 -0.103150 1.588211
p_seed 1 simul_tick 82 leader -0.540038 1.423862 f1 -0.484312 0.943435 f2 -0.573329 1.918540 f3 -0.136924 1.566780
p_seed 1 simul_tick 83 leader -0.532906 1.384503 f1 -0.485340 0.903448 f2 -0.586286 1.880696 f3 -0.097357 1.572649
p_seed 1 simul_tick 84 leader -0.533944 1.344516 f1 -0.486397 0.863462 f2 -0.564228 1.847328 f3 -0.129108 1.548320
p_seed 1 simul_tick 85 leader -0.535080 1.304532 f1 -0.487515 0.823477 f2 -0.547511 1.810989 f3 -0.131004 1.508365
p_seed 1 simul_tick 86 leader -0.536189 1.264548 f1 -0.488633 0.783493 f2 -0.549699 1.771049 f3 -0.118525 1.470361
p_seed 1 simul_tick 87 leader -0.537273 1.224562 f1 -0.489719 0.743508 f2 -0.538397 1.732679 f3 -0.128936 1.431740
p_seed 1 simul_tick 88 leader -0.538334 1.184576 f1 -0.490806 0.703523 f2 -0.536324 1.692732 f3 -0.130938 1.391790
p_seed 1 simul_tick 89 leader -0.539350 1.144589 f1 -0.485132 0.663927 f2 -0.533075 1.652864 f3 -0.121857 1.352834
p_seed 1 simul_tick 90 leader -0.540388 1.104603 f1 -0.485582 0.623929 f2 -0.526241 1.613453 f3 -0.123345 1.312862
p_seed 1 simul_tick 91 leader -0.532129 1.065465 f1 -0.486700 0.583945 f2 -0.528228 1.573502 f3 -0.117712 1.273261
p_seed 1 simul_tick 92 leader -0.533238 1.025480 f1 -0.487818 0.543961 f2 -0.527736 1.533505 f3 -0.121990 1.233490
p_seed 1 simul_tick 93 leader -0.534323 0.985495 f1 -0.488904 0.503975 f2 -0.530560 1.493605 f3 -0.122222 1.193491
p_seed 1 simul_tick 94 leader -0.535383 0.945509 f1 -0.489991 0.463990 f2 -0.522750 1.454375 f3 -0.118354 1.153678
p_seed 1 simul_tick 95 leader -0.536421 0.905522 f1 -0.491048 0.424004 f2 -0.524033 1.414395 f3 -0.125712 1.114361
p_seed 1 simul_tick 96 leader -0.537416 0.865535 f1 -0.485374 0.384409 f2 -0.528420 1.374637 f3 -0.125010 1.074367
p_seed 1 simul_tick 97 leader -0.538391 0.825547 f1 -0.486403 0.344422 f2 -0.532714 1.334868 f3 -0.128612 1.034529
p_seed 1 simul_tick 98 leader -0.539347 0.785558 f1 -0.487405 0.304434 f2 -0.527867 1.295163 f3 -0.129429 0.994538
p_seed 1 simul_tick 99 leader -0.540284 0.745569 f1 -0.487820 0.264436 f2 -0.532799 1.255468 f3 -0.137958 0.955458
p_seed 1 simul_tick 100 leader -0.533548 0.706140 f1 -0.488797 0.224448 f2 -0.530782 1.215519 f3 -0.134327 0.915623
p_seed 1 simul_tick 101 leader -0.534434 0.666150 f1 -0.489750 0.184460 f2 -0.528804 1.175568 f3 -0.127189 0.876265
p_seed 1 simul_tick 102 leader -0.535304 0.626160 f1 -0.490703 0.144471 f2 -0.535091 1.136065 f3 -0.135059 0.837047
p_seed 1 simul_tick 103 leader -0.536158 0.586169 f1 -0.485722 0.104782 f2 -0.533925 1.096082 f3 -0.133132 0.797093
p_seed 1 simul_tick 104 leader -0.536997 0.546178 f1 -0.486630 0.064793 f2 -0.533541 1.056084 f3 -0.132791 0.757095
p_seed 1 simul_tick 105 leader -0.537822 0.506186 f1 -0.487538 0.024803 f2 -0.533165 1.016086 f3 -0.133962 0.717112
p_seed 1 simul_tick 106 leader -0.538620 0.466194 f1 -0.488426 -0.015187 f2 -0.533527 0.976087 f3 -0.135091 0.677128
p_seed 1 simul_tick 107 leader -0.539405 0.426202 f1 -0.489294 -0.055178 f2 -0.533884 0.936089 f3 -0.137674 0.637211
p_seed 1 simul_tick 108 leader -0.540177 0.386209 f1 -0.489652 -0.095176 f2 -0.534940 0.896103 f3 -0.143406 0.597624
p_seed 1 simul_tick 109 leader -0.534583 0.346602 f1 -0.490500 -0.135167 f2 -0.537953 0.856216 f3 -0.137869 0.558009
p_seed 1 simul_tick 110 leader -0.535381 0.306610 f1 -0.485752 -0.174884 f2 -0.538310 0.816218 f3 -0.138998 0.518025
p_seed 1 simul_tick 111 leader -0.536235 0.266619 f1 -0.486731 -0.214872 f2 -0.537166 0.776234 f3 -0.137072 0.478071
p_seed 1 simul_tick 112 leader -0.537075 0.226628 f1 -0.488531 -0.254832 f2 -0.536789 0.736236 f3 -0.136730 0.438073
p_seed 1 simul_tick 113 leader -0.537886 0.186636 f1 -0.494457 -0.294390 f2 -0.536419 0.696238 f3 -0.137902 0.398090
p_seed 1 simul_tick 114 leader -0.538684 0.146644 f1 -0.508256 -0.331935 f2 -0.536775 0.656239 f3 -0.139031 0.358106
p_seed 1 simul_tick 115 leader -0.539469 0.106652 f1 -0.519306 -0.293491 f2 -0.537126 0.616241 f3 -0.141613 0.318189
p_seed 1 simul_tick 116 leader -0.540241 0.066659 f1 -0.520459 -0.333474 f2 -0.540138 0.576355 f3 -0.142703 0.278204
p_seed 1 simul_tick 117 leader -0.534647 0.027053 f1 -0.524775 -0.373241 f2 -0.534326 0.536779 f3 -0.137166 0.238589
p_seed 1 simul_tick 118 leader -0.535384 -0.012941 f1 -0.543926 -0.408359 f2 -0.535330 0.496792 f3 -0.140921 0.198766
p_seed 1 simul_tick 119 leader -0.536110 -0.052934 f1 -0.583280 -0.415518 f2 -0.538864 0.456948 f3 -0.136909 0.158968
p_seed 1 simul_tick 120 leader -0.536825 -0.092928 f1 -0.583340 -0.455518 f2 -0.540483 0.416981 f3 -0.145640 0.119932
p_seed 1 simul_tick 121 leader -0.537529 -0.132921 f1 -0.595468 -0.417401 f2 -0.536272 0.377203 f3 -0.143151 0.080010
p_seed 1 simul_tick 122 leader -0.538224 -0.172915 f1 -0.604943 -0.456262 f2 -0.542033 0.337620 f3 -0.144428 0.040030
p_seed 1 simul_tick 123 leader -0.538923 -0.212909 f1 -0.620885 -0.492948 f2 -0.539951 0.297674 f3 -0.143366 0.000044
p_seed 1 simul_tick 124 leader -0.540048 -0.252893 f1 -0.657638 -0.508734 f2 -0.546150 0.258158 f3 -0.149774 -0.039439
p_seed 1 simul_tick 125 leader -0.536677 -0.292751 f1 -0.693840 -0.525746 f2 -0.544733 0.218183 f3 -0.153352 -0.079279
p_seed 1 simul_tick 126 leader -0.544829 -0.331911 f1 -0.692267 -0.485777 f2 -0.545133 0.178185 f3 -0.153407 -0.119279
p_seed 1 simul_tick 127 leader -0.559910 -0.368960 f1 -0.718044 -0.516363 f2 -0.546131 0.138197 f3 -0.155573 -0.159220
p_seed 1 simul_tick 128 leader -0.596284 -0.385600 f1 -0.735490 -0.552358 f2 -0.548892 0.098293 f3 -0.165693 -0.197919
p_seed 1 simul_tick 129 leader -0.557709 -0.396183 f1 -0.718903 -0.515959 f2 -0.553652 0.058577 f3 -0.154587 -0.236346
p_seed 1 simul_tick 130 leader -0.587738 -0.369758 f1 -0.724804 -0.555521 f2 -0.548436 0.018918 f3 -0.163459 -0.275350
p_seed 1 simul_tick 131 leader -0.565590 -0.403067 f1 -0.729577 -0.515807 f2 -0.558000 -0.019921 f3 -0.151088 -0.313389
p_seed 1 simul_tick 132 leader -0.592696 -0.373651 f1 -0.732299 -0.555714 f2 -0.589911 0.004198 f3 -0.187060 -0.295895
p_seed 1 simul_tick 133 leader -0.567332 -0.404581 f1 -0.719727 -0.517741 f2 -0.567100 -0.028661 f3 -0.152211 -0.315530
p_seed 1 simul_tick 134 leader -0.597767 -0.378625 f1 -0.730579 -0.556241 f2 -0.584433 0.007389 f3 -0.190160 -0.302886
p_seed 1 simul_tick 135 leader -0.571753 -0.409010 f1 -0.717073 -0.518590 f2 -0.561538 -0.025411 f3 -0.152953 -0.317570
p_seed 1 simul_tick 136 leader -0.592678 -0.374920 f1 -0.726466 -0.557472 f2 -0.572822 0.012964 f3 -0.191376 -0.306450
p_seed 1 simul_tick 137 leader -0.566552 -0.405209 f1 -0.729524 -0.517589 f2 -0.555431 -0.023057 f3 -0.153275 -0.318630
p_seed 1 simul_tick 138 leader -0.592486 -0.374755 f1 -0.729524 -0.557589 f2 -0.578934 0.009310 f3 -0.191096 -0.305608
p_seed 1 simul_tick 139 leader -0.563655 -0.402482 f1 -0.727646 -0.517633 f2 -0.559280 -0.025528 f3 -0.152352 -0.315552
p_seed 1 simul_tick 140 leader -0.561604 -0.362535 f1 -0.707032 -0.551913 f2 -0.575177 0.011177 f3 -0.156996 -0.275822
p_seed 1 simul_tick 141 leader -0.542296 -0.397566 f1 -0.715604 -0.512842 f2 -0.553070 -0.022159 f3 -0.128883 -0.304277
p_seed 1 simul_tick 142 leader -0.578921 -0.381485 f1 -0.729563 -0.550327 f2 -0.528460 -0.053692 f3 -0.166663 -0.317416
p_seed 1 simul_tick 143 leader -0.546852 -0.405392 f1 -0.716282 -0.512596 f2 -0.558732 -0.027546 f3 -0.126998 -0.312255
p_seed 1 simul_tick 144 leader -0.538276 -0.366322 f1 -0.679115 -0.527382 f2 -0.565895 0.011807 f3 -0.094312 -0.289198
p_seed 1 simul_tick 145 leader -0.523557 -0.403516 f1 -0.718624 -0.533629 f2 -0.544451 -0.021959 f3 -0.124759 -0.315140
p_seed 1 simul_tick 146 leader -0.524580 -0.363529 f1 -0.689367 -0.506352 f2 -0.557123 0.015980 f3 -0.084882 -0.312005
p_seed 1 simul_tick 147 leader -0.507681 -0.399784 f1 -0.727730 -0.517680 f2 -0.537478 -0.018863 f3 -0.102630 -0.276158
p_seed 1 simul_tick 148 leader -0.500138 -0.360502 f1 -0.688700 -0.508922 f2 -0.563771 0.011281 f3 -0.072087 -0.301987
p_seed 1 simul_tick 149 leader -0.484852 -0.397466 f1 -0.727250 -0.498247 f2 -0.539720 -0.020681 f3 -0.033271 -0.311648
p_seed 1 simul_tick 150 leader -0.468503 -0.360959 f1 -0.687405 -0.494723 f2 -0.563659 0.011365 f3 -0.065939 -0.288566
p_seed 1 simul_tick 151 leader -0.459402 -0.399910 f1 -0.660418 -0.465198 f2 -0.538825 -0.019992 f3 -0.029649 -0.305388
p_seed 1 simul_tick 152 leader -0.441205 -0.364289 f1 -0.682524 -0.498535 f2 -0.522006 -0.056284 f3 -0.002281 -0.334560
p_seed 1 simul_tick 153 leader -0.426718 -0.401573 f1 -0.649821 -0.475502 f2 -0.520287 -0.096247 f3 -0.007166 -0.294859
p_seed 1 simul_tick 154 leader -0.411532 -0.364568 f1 -0.689798 -0.476852 f2 -0.541670 -0.062442 f3 0.024052 -0.319868
p_seed 1 simul_tick 155 leader -0.392828 -0.399925 f1 -0.650606 -0.468851 f2 -0.518583 -0.095107 f3 0.063044 -0.328790
p_seed 1 simul_tick 156 leader -0.357516 -0.381135 f1 -0.613322 -0.454364 f2 -0.548125 -0.068139 f3 0.091467 -0.300646
p_seed 1 simul_tick 157 leader -0.319013 -0.391973 f1 -0.589617 -0.422145 f2 -0.512559 -0.086445 f3 0.124082 -0.323803
p_seed 1 simul_tick 158 leader -0.281455 -0.378208 f1 -0.600014 -0.460770 f2 -0.543047 -0.112338 f3 0.164063 -0.325042
p_seed 1 simul_tick 159 leader -0.252223 -0.405512 f1 -0.565472 -0.440599 f2 -0.506455 -0.096182 f3 0.196766 -0.302009
p_seed 1 simul_tick 160 leader -0.220464 -0.381194 f1 -0.526570 -0.431291 f2 -0.473397 -0.073662 f3 0.221848 -0.333169
p_seed 1 simul_tick 161 leader -0.182710 -0.394409 f1 -0.486608 -0.433034 f2 -0.435230 -0.085634 f3 0.257618 -0.315267
p_seed 1 simul_tick 162 leader -0.142928 -0.390236 f1 -0.454005 -0.456207 f2 -0.413949 -0.119503 f3 0.294715 -0.330229
p_seed 1 simul_tick 163 leader -0.103012 -0.387652 f1 -0.414992 -0.447373 f2 -0.396836 -0.083349 f3 0.334715 -0.330069
p_seed 1 simul_tick 164 leader -0.066112 -0.403092 f1 -0.377221 -0.434209 f2 -0.358195 -0.073012 f3 0.374656 -0.327907
p_seed 1 simul_tick 165 leader -0.029506 -0.386969 f1 -0.338031 -0.442221 f2 -0.329406 -0.100782 f3 0.412532 -0.340768
p_seed 1 simul_tick 166 leader 0.006881 -0.403583 f1 -0.301525 -0.458569 f2 -0.290567 -0.091213 f3 0.443064 -0.314925
p_seed 1 simul_tick 167 leader 0.044772 -0.390765 f1 -0.267912 -0.436884 f2 -0.257005 -0.069452 f3 0.477994 -0.334416
p_seed 1 simul_tick 168 leader 0.084588 -0.394592 f1 -0.227917 -0.436289 f2 -0.228757 -0.097772 f3 0.517451 -0.340984
